Compiled jquery.js  (2ms)  (pid 3172)
Compiled bootstrap.js  (1ms)  (pid 3172)
Compiled jquery_ujs.js  (0ms)  (pid 3172)
Compiled applicants.js  (221ms)  (pid 3172)
Compiled page.js  (96ms)  (pid 3172)
Compiled application.js  (368ms)  (pid 3172)
Warning. Error encountered while saving cache /home/guest/Desktop/rails-test/app_sys/tmp/cache/sass/3f63149032acf276cf4848b6975eb81ecdef4c06/application.css.scssc: can't dump anonymous class #<Class:0x000000031704a0>
Warning. Error encountered while saving cache /home/guest/Desktop/rails-test/app_sys/tmp/cache/sass/3f63149032acf276cf4848b6975eb81ecdef4c06/applicants.css.scssc: can't dump anonymous class #<Class:0x000000031704a0>
Compiled applicants.css  (292ms)  (pid 3172)
Warning. Error encountered while saving cache /home/guest/Desktop/rails-test/app_sys/tmp/cache/sass/3f63149032acf276cf4848b6975eb81ecdef4c06/custom.css.scssc: can't dump anonymous class #<Class:0x000000031704a0>
Compiled custom.css  (2783ms)  (pid 3172)
Warning. Error encountered while saving cache /home/guest/Desktop/rails-test/app_sys/tmp/cache/sass/3f63149032acf276cf4848b6975eb81ecdef4c06/page.css.scssc: can't dump anonymous class #<Class:0x000000031704a0>
Compiled page.css  (315ms)  (pid 3172)
Compiled application.css  (4483ms)  (pid 3172)
Compiled jquery.js  (1ms)  (pid 3172)
Compiled bootstrap.js  (0ms)  (pid 3172)
Compiled jquery_ujs.js  (0ms)  (pid 3172)
Compiled applicants.js  (180ms)  (pid 3172)
Compiled page.js  (99ms)  (pid 3172)
Compiled application.js  (323ms)  (pid 3172)
Warning. Error encountered while saving cache /home/guest/Desktop/rails-test/app_sys/tmp/cache/sass/3f63149032acf276cf4848b6975eb81ecdef4c06/application.css.scssc: can't dump anonymous class #<Class:0x000000040e7938>
Warning. Error encountered while saving cache /home/guest/Desktop/rails-test/app_sys/tmp/cache/sass/3f63149032acf276cf4848b6975eb81ecdef4c06/applicants.css.scssc: can't dump anonymous class #<Class:0x000000040e7938>
Compiled applicants.css  (296ms)  (pid 3172)
Warning. Error encountered while saving cache /home/guest/Desktop/rails-test/app_sys/tmp/cache/sass/3f63149032acf276cf4848b6975eb81ecdef4c06/custom.css.scssc: can't dump anonymous class #<Class:0x000000040e7938>
Compiled custom.css  (2678ms)  (pid 3172)
Warning. Error encountered while saving cache /home/guest/Desktop/rails-test/app_sys/tmp/cache/sass/3f63149032acf276cf4848b6975eb81ecdef4c06/page.css.scssc: can't dump anonymous class #<Class:0x000000040e7938>
Compiled page.css  (335ms)  (pid 3172)
Compiled application.css  (4031ms)  (pid 3172)
Compiled jquery.js  (1ms)  (pid 3257)
Compiled bootstrap.js  (0ms)  (pid 3257)
Compiled jquery_ujs.js  (0ms)  (pid 3257)
Compiled applicants.js  (174ms)  (pid 3257)
Compiled page.js  (86ms)  (pid 3257)
Compiled application.js  (302ms)  (pid 3257)
Warning. Error encountered while saving cache /home/guest/Desktop/rails-test/app_sys/tmp/cache/sass/3f63149032acf276cf4848b6975eb81ecdef4c06/application.css.scssc: can't dump anonymous class #<Class:0x00000002fb2cd0>
Warning. Error encountered while saving cache /home/guest/Desktop/rails-test/app_sys/tmp/cache/sass/3f63149032acf276cf4848b6975eb81ecdef4c06/applicants.css.scssc: can't dump anonymous class #<Class:0x00000002fb2cd0>
Compiled applicants.css  (297ms)  (pid 3257)
Warning. Error encountered while saving cache /home/guest/Desktop/rails-test/app_sys/tmp/cache/sass/3f63149032acf276cf4848b6975eb81ecdef4c06/custom.css.scssc: can't dump anonymous class #<Class:0x00000002fb2cd0>
Compiled custom.css  (2719ms)  (pid 3257)
Warning. Error encountered while saving cache /home/guest/Desktop/rails-test/app_sys/tmp/cache/sass/3f63149032acf276cf4848b6975eb81ecdef4c06/page.css.scssc: can't dump anonymous class #<Class:0x00000002fb2cd0>
Compiled page.css  (317ms)  (pid 3257)
Compiled application.css  (4064ms)  (pid 3257)
Compiled jquery.js  (1ms)  (pid 3257)
Compiled bootstrap.js  (0ms)  (pid 3257)
Compiled jquery_ujs.js  (16ms)  (pid 3257)
Compiled applicants.js  (175ms)  (pid 3257)
Compiled page.js  (90ms)  (pid 3257)
Compiled application.js  (306ms)  (pid 3257)
Warning. Error encountered while saving cache /home/guest/Desktop/rails-test/app_sys/tmp/cache/sass/3f63149032acf276cf4848b6975eb81ecdef4c06/application.css.scssc: can't dump anonymous class #<Class:0x00000003094108>
Warning. Error encountered while saving cache /home/guest/Desktop/rails-test/app_sys/tmp/cache/sass/3f63149032acf276cf4848b6975eb81ecdef4c06/applicants.css.scssc: can't dump anonymous class #<Class:0x00000003094108>
Compiled applicants.css  (283ms)  (pid 3257)
Warning. Error encountered while saving cache /home/guest/Desktop/rails-test/app_sys/tmp/cache/sass/3f63149032acf276cf4848b6975eb81ecdef4c06/custom.css.scssc: can't dump anonymous class #<Class:0x00000003094108>
Compiled custom.css  (2691ms)  (pid 3257)
Warning. Error encountered while saving cache /home/guest/Desktop/rails-test/app_sys/tmp/cache/sass/3f63149032acf276cf4848b6975eb81ecdef4c06/page.css.scssc: can't dump anonymous class #<Class:0x00000003094108>
Compiled page.css  (324ms)  (pid 3257)
Compiled application.css  (4028ms)  (pid 3257)
Compiled jquery.js  (6ms)  (pid 13129)
Compiled bootstrap.js  (1ms)  (pid 13129)
Compiled jquery_ujs.js  (0ms)  (pid 13129)
Compiled applicants.js  (582ms)  (pid 13129)
Compiled page.js  (91ms)  (pid 13129)
Compiled application.js  (844ms)  (pid 13129)
Warning. Error encountered while saving cache /home/guest/Desktop/rails-test/app_sys/tmp/cache/sass/3f63149032acf276cf4848b6975eb81ecdef4c06/application.css.scssc: can't dump anonymous class #<Class:0x0000000331c8a8>
Warning. Error encountered while saving cache /home/guest/Desktop/rails-test/app_sys/tmp/cache/sass/3f63149032acf276cf4848b6975eb81ecdef4c06/applicants.css.scssc: can't dump anonymous class #<Class:0x0000000331c8a8>
Compiled applicants.css  (311ms)  (pid 13129)
Warning. Error encountered while saving cache /home/guest/Desktop/rails-test/app_sys/tmp/cache/sass/3f63149032acf276cf4848b6975eb81ecdef4c06/custom.css.scssc: can't dump anonymous class #<Class:0x0000000331c8a8>
Compiled custom.css  (3093ms)  (pid 13129)
Warning. Error encountered while saving cache /home/guest/Desktop/rails-test/app_sys/tmp/cache/sass/3f63149032acf276cf4848b6975eb81ecdef4c06/page.css.scssc: can't dump anonymous class #<Class:0x0000000331c8a8>
Compiled page.css  (424ms)  (pid 13129)
Compiled application.css  (4930ms)  (pid 13129)
Compiled jquery.js  (1ms)  (pid 13129)
Compiled bootstrap.js  (0ms)  (pid 13129)
Compiled jquery_ujs.js  (0ms)  (pid 13129)
Compiled applicants.js  (182ms)  (pid 13129)
Compiled page.js  (87ms)  (pid 13129)
Compiled application.js  (309ms)  (pid 13129)
Warning. Error encountered while saving cache /home/guest/Desktop/rails-test/app_sys/tmp/cache/sass/3f63149032acf276cf4848b6975eb81ecdef4c06/application.css.scssc: can't dump anonymous class #<Class:0x00000003528d40>
Warning. Error encountered while saving cache /home/guest/Desktop/rails-test/app_sys/tmp/cache/sass/3f63149032acf276cf4848b6975eb81ecdef4c06/applicants.css.scssc: can't dump anonymous class #<Class:0x00000003528d40>
Compiled applicants.css  (287ms)  (pid 13129)
Warning. Error encountered while saving cache /home/guest/Desktop/rails-test/app_sys/tmp/cache/sass/3f63149032acf276cf4848b6975eb81ecdef4c06/custom.css.scssc: can't dump anonymous class #<Class:0x00000003528d40>
Compiled custom.css  (2709ms)  (pid 13129)
Warning. Error encountered while saving cache /home/guest/Desktop/rails-test/app_sys/tmp/cache/sass/3f63149032acf276cf4848b6975eb81ecdef4c06/page.css.scssc: can't dump anonymous class #<Class:0x00000003528d40>
Compiled page.css  (327ms)  (pid 13129)
Compiled application.css  (4063ms)  (pid 13129)
Compiled jquery.js  (3ms)  (pid 14697)
Compiled bootstrap.js  (0ms)  (pid 14697)
Compiled jquery_ujs.js  (0ms)  (pid 14697)
Compiled applicants.js  (222ms)  (pid 14697)
Compiled page.js  (90ms)  (pid 14697)
Compiled application.js  (365ms)  (pid 14697)
Warning. Error encountered while saving cache /home/guest/Desktop/rails-test/app_sys/tmp/cache/sass/3f63149032acf276cf4848b6975eb81ecdef4c06/application.css.scssc: can't dump anonymous class #<Class:0x00000002ab2640>
Warning. Error encountered while saving cache /home/guest/Desktop/rails-test/app_sys/tmp/cache/sass/3f63149032acf276cf4848b6975eb81ecdef4c06/applicants.css.scssc: can't dump anonymous class #<Class:0x00000002ab2640>
Compiled applicants.css  (274ms)  (pid 14697)
Warning. Error encountered while saving cache /home/guest/Desktop/rails-test/app_sys/tmp/cache/sass/3f63149032acf276cf4848b6975eb81ecdef4c06/custom.css.scssc: can't dump anonymous class #<Class:0x00000002ab2640>
Compiled custom.css  (2730ms)  (pid 14697)
Warning. Error encountered while saving cache /home/guest/Desktop/rails-test/app_sys/tmp/cache/sass/3f63149032acf276cf4848b6975eb81ecdef4c06/page.css.scssc: can't dump anonymous class #<Class:0x00000002ab2640>
Compiled page.css  (314ms)  (pid 14697)
Compiled application.css  (4266ms)  (pid 14697)
Compiled jquery.js  (1ms)  (pid 14697)
Compiled bootstrap.js  (0ms)  (pid 14697)
Compiled jquery_ujs.js  (0ms)  (pid 14697)
Compiled applicants.js  (175ms)  (pid 14697)
Compiled page.js  (90ms)  (pid 14697)
Compiled application.js  (308ms)  (pid 14697)
Warning. Error encountered while saving cache /home/guest/Desktop/rails-test/app_sys/tmp/cache/sass/3f63149032acf276cf4848b6975eb81ecdef4c06/application.css.scssc: can't dump anonymous class #<Class:0x00000003189338>
Warning. Error encountered while saving cache /home/guest/Desktop/rails-test/app_sys/tmp/cache/sass/3f63149032acf276cf4848b6975eb81ecdef4c06/applicants.css.scssc: can't dump anonymous class #<Class:0x00000003189338>
Compiled applicants.css  (279ms)  (pid 14697)
Warning. Error encountered while saving cache /home/guest/Desktop/rails-test/app_sys/tmp/cache/sass/3f63149032acf276cf4848b6975eb81ecdef4c06/custom.css.scssc: can't dump anonymous class #<Class:0x00000003189338>
Compiled custom.css  (2719ms)  (pid 14697)
Warning. Error encountered while saving cache /home/guest/Desktop/rails-test/app_sys/tmp/cache/sass/3f63149032acf276cf4848b6975eb81ecdef4c06/page.css.scssc: can't dump anonymous class #<Class:0x00000003189338>
Compiled page.css  (327ms)  (pid 14697)
Compiled application.css  (4224ms)  (pid 14697)
